Determining if the pthread_create exist failed with the following output:
Change Dir: /home/alex/Dokumente/IfcOpenShell/build/CMakeFiles/CMakeTmp

Run Build Command:"/usr/bin/make" "cmTC_6cc10/fast"
/usr/bin/make -f CMakeFiles/cmTC_6cc10.dir/build.make CMakeFiles/cmTC_6cc10.dir/build
make[1]: Verzeichnis „/home/alex/Dokumente/IfcOpenShell/build/CMakeFiles/CMakeTmp“ wird betreten
Building C object CMakeFiles/cmTC_6cc10.dir/CheckSymbolExists.c.o
/usr/bin/cc    -o CMakeFiles/cmTC_6cc10.dir/CheckSymbolExists.c.o   -c /home/alex/Dokumente/IfcOpenShell/build/CMakeFiles/CMakeTmp/CheckSymbolExists.c
Linking C executable cmTC_6cc10
/usr/bin/cmake -E cmake_link_script CMakeFiles/cmTC_6cc10.dir/link.txt --verbose=1
/usr/bin/cc      -rdynamic CMakeFiles/cmTC_6cc10.dir/CheckSymbolExists.c.o  -o cmTC_6cc10 
CMakeFiles/cmTC_6cc10.dir/CheckSymbolExists.c.o: In Funktion »main«:
CheckSymbolExists.c:(.text+0x1b): Warnung: undefinierter Verweis auf »pthread_create«
collect2: error: ld returned 1 exit status
CMakeFiles/cmTC_6cc10.dir/build.make:97: recipe for target 'cmTC_6cc10' failed
make[1]: *** [cmTC_6cc10] Error 1
make[1]: Verzeichnis „/home/alex/Dokumente/IfcOpenShell/build/CMakeFiles/CMakeTmp“ wird verlassen
Makefile:126: recipe for target 'cmTC_6cc10/fast' failed
make: *** [cmTC_6cc10/fast] Error 2

File /home/alex/Dokumente/IfcOpenShell/build/CMakeFiles/CMakeTmp/CheckSymbolExists.c:
/* */
#include <pthread.h>

int main(int argc, char** argv)
{
  (void)argv;
#ifndef pthread_create
  return ((int*)(&pthread_create))[argc];
#else
  (void)argc;
  return 0;
#endif
}

Determining if the function pthread_create exists in the pthreads failed with the following output:
Change Dir: /home/alex/Dokumente/IfcOpenShell/build/CMakeFiles/CMakeTmp

Run Build Command:"/usr/bin/make" "cmTC_77cf9/fast"
/usr/bin/make -f CMakeFiles/cmTC_77cf9.dir/build.make CMakeFiles/cmTC_77cf9.dir/build
make[1]: Verzeichnis „/home/alex/Dokumente/IfcOpenShell/build/CMakeFiles/CMakeTmp“ wird betreten
Building C object CMakeFiles/cmTC_77cf9.dir/CheckFunctionExists.c.o
/usr/bin/cc   -DCHECK_FUNCTION_EXISTS=pthread_create   -o CMakeFiles/cmTC_77cf9.dir/CheckFunctionExists.c.o   -c /usr/share/cmake-3.10/Modules/CheckFunctionExists.c
Linking C executable cmTC_77cf9
/usr/bin/cmake -E cmake_link_script CMakeFiles/cmTC_77cf9.dir/link.txt --verbose=1
/usr/bin/cc  -DCHECK_FUNCTION_EXISTS=pthread_create    -rdynamic CMakeFiles/cmTC_77cf9.dir/CheckFunctionExists.c.o  -o cmTC_77cf9 -lpthreads 
/usr/bin/ld: -lpthreads kann nicht gefunden werden
collect2: error: ld returned 1 exit status
CMakeFiles/cmTC_77cf9.dir/build.make:97: recipe for target 'cmTC_77cf9' failed
make[1]: *** [cmTC_77cf9] Error 1
make[1]: Verzeichnis „/home/alex/Dokumente/IfcOpenShell/build/CMakeFiles/CMakeTmp“ wird verlassen
Makefile:126: recipe for target 'cmTC_77cf9/fast' failed
make: *** [cmTC_77cf9/fast] Error 2


